[debug] [2023-01-25T15:07:23.083Z] ----------------------------------------------------------------------
[debug] [2023-01-25T15:07:23.083Z] Command:       /Users/daras/.nvm/versions/node/v18.12.1/bin/node /Users/daras/.yarn/bin/firebase emulators:start
[debug] [2023-01-25T15:07:23.084Z] CLI Version:   10.1.4
[debug] [2023-01-25T15:07:23.084Z] Platform:      darwin
[debug] [2023-01-25T15:07:23.084Z] Node Version:  v18.12.1
[debug] [2023-01-25T15:07:23.084Z] Time:          Wed Jan 25 2023 19:07:23 GMT+0400 (Georgia Standard Time)
[debug] [2023-01-25T15:07:23.084Z] ----------------------------------------------------------------------
[debug] 
[debug] [2023-01-25T15:07:23.086Z] >>> [apiv2][query] GET https://firebase-public.firebaseio.com/cli.json [none]
[debug] [2023-01-25T15:07:23.131Z] > command requires scopes: ["email","openid","https://www.googleapis.com/auth/cloudplatformprojects.readonly","https://www.googleapis.com/auth/firebase","https://www.googleapis.com/auth/cloud-platform"]
[debug] [2023-01-25T15:07:23.131Z] > authorizing via signed-in user (d.daraselia@gmail.com)
[info] i  emulators: Starting emulators: functions, hosting {"metadata":{"emulator":{"name":"hub"},"message":"Starting emulators: functions, hosting"}}
[debug] [2023-01-25T15:07:23.140Z] [hub] writing locator at /var/folders/2p/pnqf7vn97r5brpbtdty4ll_r0000gn/T/hub-melon-ui-7f38c.json
[warn] ⚠  functions: The following emulators are not running, calls to these services from the Functions emulator will affect production: auth, firestore, database, pubsub, storage {"metadata":{"emulator":{"name":"functions"},"message":"The following emulators are not running, calls to these services from the Functions emulator will affect production: \u001b[1mauth, firestore, database, pubsub, storage\u001b[22m"}}
[warn] ⚠  Your requested "node" version "16" doesn't match your global version "18". Using node@18 from host. {"metadata":{"emulator":{"name":"functions"},"message":"Your requested \"node\" version \"16\" doesn't match your global version \"18\". Using node@18 from host."}}
[debug] [2023-01-25T15:07:23.262Z] defaultcredentials: writing to file /Users/daras/.config/firebase/d_daraselia_gmail.com_application_default_credentials.json
[debug] [2023-01-25T15:07:23.263Z] Setting GAC to /Users/daras/.config/firebase/d_daraselia_gmail.com_application_default_credentials.json {"metadata":{"emulator":{"name":"functions"},"message":"Setting GAC to /Users/daras/.config/firebase/d_daraselia_gmail.com_application_default_credentials.json"}}
[debug] [2023-01-25T15:07:23.264Z] > refreshing access token with scopes: []
[debug] [2023-01-25T15:07:23.265Z] >>> HTTP REQUEST POST https://www.googleapis.com/oauth2/v3/token  
 <request body omitted>
[debug] [2023-01-25T15:07:23.865Z] <<< HTTP RESPONSE 200 {"cache-control":"no-cache, no-store, max-age=0, must-revalidate","date":"Wed, 25 Jan 2023 15:07:23 GMT","expires":"Mon, 01 Jan 1990 00:00:00 GMT","pragma":"no-cache","content-type":"application/json; charset=utf-8","vary":"X-Origin, Referer, Origin,Accept-Encoding","server":"scaffolding on HTTPServer2","x-xss-protection":"0","x-frame-options":"SAMEORIGIN","x-content-type-options":"nosniff","alt-svc":"h3=\":443\"; ma=2592000,h3-29=\":443\"; ma=2592000,h3-Q050=\":443\"; ma=2592000,h3-Q046=\":443\"; ma=2592000,h3-Q043=\":443\"; ma=2592000,quic=\":443\"; ma=2592000; v=\"46,43\"","accept-ranges":"none","transfer-encoding":"chunked"}
[debug] [2023-01-25T15:07:23.908Z] >>> [apiv2][query] GET https://firebase.googleapis.com/v1beta1/projects/melon-ui-7f38c/adminSdkConfig [none]
[debug] [2023-01-25T15:07:23.914Z] <<< [apiv2][status] GET https://firebase-public.firebaseio.com/cli.json 200
[debug] [2023-01-25T15:07:23.914Z] <<< [apiv2][body] GET https://firebase-public.firebaseio.com/cli.json {"cloudBuildErrorAfter":1594252800000,"cloudBuildWarnAfter":1590019200000,"defaultNode10After":1594252800000,"minVersion":"3.0.5","node8DeploysDisabledAfter":1613390400000,"node8RuntimeDisabledAfter":1615809600000,"node8WarnAfter":1600128000000}
[debug] [2023-01-25T15:07:24.484Z] <<< [apiv2][status] GET https://firebase.googleapis.com/v1beta1/projects/melon-ui-7f38c/adminSdkConfig 200
[debug] [2023-01-25T15:07:24.484Z] <<< [apiv2][body] GET https://firebase.googleapis.com/v1beta1/projects/melon-ui-7f38c/adminSdkConfig {"projectId":"melon-ui-7f38c","databaseURL":"https://melon-ui-7f38c-default-rtdb.firebaseio.com","storageBucket":"melon-ui-7f38c.appspot.com","locationId":"us-central"}
[debug] [2023-01-25T15:07:24.776Z] >>> [apiv2][query] GET https://firebasehosting.googleapis.com/v1beta1/projects/melon-ui-7f38c/sites 
[debug] [2023-01-25T15:07:26.028Z] <<< [apiv2][status] GET https://firebasehosting.googleapis.com/v1beta1/projects/melon-ui-7f38c/sites 200
[debug] [2023-01-25T15:07:26.029Z] <<< [apiv2][body] GET https://firebasehosting.googleapis.com/v1beta1/projects/melon-ui-7f38c/sites {"sites":[{"name":"projects/melon-ui-7f38c/sites/melon-ui-7f38c","defaultUrl":"https://melon-ui-7f38c.web.app","appId":"1:637780633306:web:a003cc825a9f09c067a7e3","type":"DEFAULT_SITE"}]}
[debug] [2023-01-25T15:07:26.029Z] >>> [apiv2][query] GET https://firebase.googleapis.com/v1beta1/projects/melon-ui-7f38c/webApps/1:637780633306:web:a003cc825a9f09c067a7e3/config [none]
[debug] [2023-01-25T15:07:27.297Z] <<< [apiv2][status] GET https://firebase.googleapis.com/v1beta1/projects/melon-ui-7f38c/webApps/1:637780633306:web:a003cc825a9f09c067a7e3/config 200
[debug] [2023-01-25T15:07:27.297Z] <<< [apiv2][body] GET https://firebase.googleapis.com/v1beta1/projects/melon-ui-7f38c/webApps/1:637780633306:web:a003cc825a9f09c067a7e3/config {"projectId":"melon-ui-7f38c","appId":"1:637780633306:web:a003cc825a9f09c067a7e3","databaseURL":"https://melon-ui-7f38c-default-rtdb.firebaseio.com","storageBucket":"melon-ui-7f38c.appspot.com","locationId":"us-central","apiKey":"AIzaSyDtYOVd54GQ8cAH7WbS0vTqIr3l6FKy92U","authDomain":"melon-ui-7f38c.firebaseapp.com","messagingSenderId":"637780633306","measurementId":"G-HFL9PNPK72"}
[info] i  hosting: Serving hosting files from: out {"metadata":{"emulator":{"name":"hosting"},"message":"Serving hosting files from: \u001b[1mout\u001b[22m"}}
[info] ✔  hosting: Local server: http://localhost:5000 {"metadata":{"emulator":{"name":"hosting"},"message":"Local server: \u001b[4m\u001b[1mhttp://localhost:5000\u001b[22m\u001b[24m"}}
[debug] [2023-01-25T15:07:27.347Z] Ignoring unsupported arg: auto_download {"metadata":{"emulator":{"name":"ui"},"message":"Ignoring unsupported arg: auto_download"}}
[debug] [2023-01-25T15:07:27.347Z] Ignoring unsupported arg: port {"metadata":{"emulator":{"name":"ui"},"message":"Ignoring unsupported arg: port"}}
[debug] [2023-01-25T15:07:27.347Z] Starting Emulator UI with command {"binary":"node","args":["/Users/daras/.cache/firebase/emulators/ui-v1.6.4/server.bundle.js"],"optionalArgs":[],"joinArgs":false} {"metadata":{"emulator":{"name":"ui"},"message":"Starting Emulator UI with command {\"binary\":\"node\",\"args\":[\"/Users/daras/.cache/firebase/emulators/ui-v1.6.4/server.bundle.js\"],\"optionalArgs\":[],\"joinArgs\":false}"}}
[info] i  ui: Emulator UI logging to ui-debug.log {"metadata":{"emulator":{"name":"ui"},"message":"Emulator UI logging to \u001b[1mui-debug.log\u001b[22m"}}
[debug] [2023-01-25T15:07:27.420Z] Web / API server started at localhost:4000
 {"metadata":{"emulator":{"name":"ui"},"message":"Web / API server started at localhost:4000\n"}}
[info] i  functions: Watching "/Users/daras/root/melonify/functions" for Cloud Functions... {"metadata":{"emulator":{"name":"functions"},"message":"Watching \"/Users/daras/root/melonify/functions\" for Cloud Functions..."}}
[debug] [2023-01-25T15:07:27.623Z] [worker-pool] addWorker(~diagnostic~) {"metadata":{"emulator":{"name":"functions"},"message":"[worker-pool] addWorker(~diagnostic~)"}}
[debug] [2023-01-25T15:07:27.624Z] [worker-pool] Adding worker with key ~diagnostic~, total=1 {"metadata":{"emulator":{"name":"functions"},"message":"[worker-pool] Adding worker with key ~diagnostic~, total=1"}}
[debug] [2023-01-25T15:07:27.624Z] [worker-pool] submitWork(triggerId=) {"metadata":{"emulator":{"name":"functions"},"message":"[worker-pool] submitWork(triggerId=)"}}
[debug] [2023-01-25T15:07:27.624Z] [worker-~diagnostic~-2b5806e0-1801-4bd2-aaa2-52b598bbd673]: Assigning socketPath: /var/folders/2p/pnqf7vn97r5brpbtdty4ll_r0000gn/T/fire_emu_3588.sock {"metadata":{"emulator":{"name":"functions"},"message":"[worker-~diagnostic~-2b5806e0-1801-4bd2-aaa2-52b598bbd673]: Assigning socketPath: /var/folders/2p/pnqf7vn97r5brpbtdty4ll_r0000gn/T/fire_emu_3588.sock"}}
[debug] [2023-01-25T15:07:27.625Z] [worker-~diagnostic~-2b5806e0-1801-4bd2-aaa2-52b598bbd673]: BUSY {"metadata":{"emulator":{"name":"functions"},"message":"[worker-~diagnostic~-2b5806e0-1801-4bd2-aaa2-52b598bbd673]: BUSY"}}
[debug] [2023-01-25T15:07:27.719Z] [runtime-status] [3588] Functions runtime initialized. {"cwd":"/Users/daras/root/melonify/functions","node_version":"18.12.1"} {"metadata":{"emulator":{"name":"functions"},"message":"[runtime-status] [3588] Functions runtime initialized. {\"cwd\":\"/Users/daras/root/melonify/functions\",\"node_version\":\"18.12.1\"}"}}
[debug] [2023-01-25T15:07:27.719Z] [runtime-status] [3588] Disabled runtime features: undefined {"metadata":{"emulator":{"name":"functions"},"message":"[runtime-status] [3588] Disabled runtime features: undefined"}}
[debug] [2023-01-25T15:07:27.722Z] [runtime-status] [3588] Resolved module firebase-admin {"declared":true,"installed":true,"version":"9.12.0","resolution":"/Users/daras/root/melonify/functions/node_modules/firebase-admin/lib/index.js"} {"metadata":{"emulator":{"name":"functions"},"message":"[runtime-status] [3588] Resolved module firebase-admin {\"declared\":true,\"installed\":true,\"version\":\"9.12.0\",\"resolution\":\"/Users/daras/root/melonify/functions/node_modules/firebase-admin/lib/index.js\"}"}}
[debug] [2023-01-25T15:07:27.725Z] [runtime-status] [3588] Resolved module firebase-functions {"declared":true,"installed":true,"version":"3.24.1","resolution":"/Users/daras/root/melonify/functions/node_modules/firebase-functions/lib/index.js"} {"metadata":{"emulator":{"name":"functions"},"message":"[runtime-status] [3588] Resolved module firebase-functions {\"declared\":true,\"installed\":true,\"version\":\"3.24.1\",\"resolution\":\"/Users/daras/root/melonify/functions/node_modules/firebase-functions/lib/index.js\"}"}}
[debug] [2023-01-25T15:07:27.726Z] [runtime-status] [3588] Outgoing network have been stubbed. [{"name":"http","status":"mocked"},{"name":"http","status":"mocked"},{"name":"https","status":"mocked"},{"name":"https","status":"mocked"},{"name":"net","status":"mocked"}] {"metadata":{"emulator":{"name":"functions"},"message":"[runtime-status] [3588] Outgoing network have been stubbed. [{\"name\":\"http\",\"status\":\"mocked\"},{\"name\":\"http\",\"status\":\"mocked\"},{\"name\":\"https\",\"status\":\"mocked\"},{\"name\":\"https\",\"status\":\"mocked\"},{\"name\":\"net\",\"status\":\"mocked\"}]"}}
[debug] [2023-01-25T15:07:27.726Z] [runtime-status] [3588] Resolved module firebase-functions {"declared":true,"installed":true,"version":"3.24.1","resolution":"/Users/daras/root/melonify/functions/node_modules/firebase-functions/lib/index.js"} {"metadata":{"emulator":{"name":"functions"},"message":"[runtime-status] [3588] Resolved module firebase-functions {\"declared\":true,\"installed\":true,\"version\":\"3.24.1\",\"resolution\":\"/Users/daras/root/melonify/functions/node_modules/firebase-functions/lib/index.js\"}"}}
[debug] [2023-01-25T15:07:27.765Z] [runtime-status] [3588] Checked functions.config() {"config":{}} {"metadata":{"emulator":{"name":"functions"},"message":"[runtime-status] [3588] Checked functions.config() {\"config\":{}}"}}
[debug] [2023-01-25T15:07:27.765Z] [runtime-status] [3588] firebase-functions has been stubbed. {"functionsResolution":{"declared":true,"installed":true,"version":"3.24.1","resolution":"/Users/daras/root/melonify/functions/node_modules/firebase-functions/lib/index.js"}} {"metadata":{"emulator":{"name":"functions"},"message":"[runtime-status] [3588] firebase-functions has been stubbed. {\"functionsResolution\":{\"declared\":true,\"installed\":true,\"version\":\"3.24.1\",\"resolution\":\"/Users/daras/root/melonify/functions/node_modules/firebase-functions/lib/index.js\"}}"}}
[debug] [2023-01-25T15:07:27.765Z] [runtime-status] [3588] Resolved module firebase-functions {"declared":true,"installed":true,"version":"3.24.1","resolution":"/Users/daras/root/melonify/functions/node_modules/firebase-functions/lib/index.js"} {"metadata":{"emulator":{"name":"functions"},"message":"[runtime-status] [3588] Resolved module firebase-functions {\"declared\":true,\"installed\":true,\"version\":\"3.24.1\",\"resolution\":\"/Users/daras/root/melonify/functions/node_modules/firebase-functions/lib/index.js\"}"}}
[debug] [2023-01-25T15:07:27.766Z] [runtime-status] [3588] Resolved module firebase-admin {"declared":true,"installed":true,"version":"9.12.0","resolution":"/Users/daras/root/melonify/functions/node_modules/firebase-admin/lib/index.js"} {"metadata":{"emulator":{"name":"functions"},"message":"[runtime-status] [3588] Resolved module firebase-admin {\"declared\":true,\"installed\":true,\"version\":\"9.12.0\",\"resolution\":\"/Users/daras/root/melonify/functions/node_modules/firebase-admin/lib/index.js\"}"}}
[debug] [2023-01-25T15:07:27.766Z] [runtime-status] [3588] Resolved module firebase-functions {"declared":true,"installed":true,"version":"3.24.1","resolution":"/Users/daras/root/melonify/functions/node_modules/firebase-functions/lib/index.js"} {"metadata":{"emulator":{"name":"functions"},"message":"[runtime-status] [3588] Resolved module firebase-functions {\"declared\":true,\"installed\":true,\"version\":\"3.24.1\",\"resolution\":\"/Users/daras/root/melonify/functions/node_modules/firebase-functions/lib/index.js\"}"}}
[debug] [2023-01-25T15:07:27.766Z] [runtime-status] [3588] firebase-admin has been stubbed. {"adminResolution":{"declared":true,"installed":true,"version":"9.12.0","resolution":"/Users/daras/root/melonify/functions/node_modules/firebase-admin/lib/index.js"}} {"metadata":{"emulator":{"name":"functions"},"message":"[runtime-status] [3588] firebase-admin has been stubbed. {\"adminResolution\":{\"declared\":true,\"installed\":true,\"version\":\"9.12.0\",\"resolution\":\"/Users/daras/root/melonify/functions/node_modules/firebase-admin/lib/index.js\"}}"}}
[info] ✔  functions[us-central1-api]: http function initialized (http://localhost:5001/melon-ui-7f38c/us-central1/api). {"metadata":{"emulator":{"name":"functions"},"message":"\u001b[1mhttp\u001b[22m function initialized (http://localhost:5001/melon-ui-7f38c/us-central1/api)."}}
[info] 
┌─────────────────────────────────────────────────────────────┐
│ ✔  All emulators ready! It is now safe to connect your app. │
│ i  View Emulator UI at http://localhost:4000                │
└─────────────────────────────────────────────────────────────┘

┌───────────┬────────────────┬─────────────────────────────────┐
│ Emulator  │ Host:Port      │ View in Emulator UI             │
├───────────┼────────────────┼─────────────────────────────────┤
│ Functions │ localhost:5001 │ http://localhost:4000/functions │
├───────────┼────────────────┼─────────────────────────────────┤
│ Hosting   │ localhost:5000 │ n/a                             │
└───────────┴────────────────┴─────────────────────────────────┘
  Emulator Hub running at localhost:4400
  Other reserved ports: 4500

Issues? Report them at https://github.com/firebase/firebase-tools/issues and attach the *-debug.log files.
 
[debug] [2023-01-25T15:07:27.873Z] [worker-~diagnostic~-2b5806e0-1801-4bd2-aaa2-52b598bbd673]: IDLE {"metadata":{"emulator":{"name":"functions"},"message":"[worker-~diagnostic~-2b5806e0-1801-4bd2-aaa2-52b598bbd673]: IDLE"}}
[debug] [2023-01-25T15:07:31.238Z] [work-queue] {"queueLength":1,"workRunningCount":0}
[debug] [2023-01-25T15:07:31.238Z] [work-queue] {"queueLength":0,"workRunningCount":1}
[debug] [2023-01-25T15:07:31.238Z] Accepted request GET /melon-ui-7f38c/us-central1/api --> us-central1-api
[debug] [2023-01-25T15:07:31.246Z] [worker-pool] addWorker(us-central1-api) {"metadata":{"emulator":{"name":"functions"},"message":"[worker-pool] addWorker(us-central1-api)"}}
[debug] [2023-01-25T15:07:31.247Z] [worker-pool] Adding worker with key us-central1-api, total=1 {"metadata":{"emulator":{"name":"functions"},"message":"[worker-pool] Adding worker with key us-central1-api, total=1"}}
[debug] [2023-01-25T15:07:31.247Z] [worker-pool] submitWork(triggerId=us-central1-api) {"metadata":{"emulator":{"name":"functions"},"message":"[worker-pool] submitWork(triggerId=us-central1-api)"}}
[debug] [2023-01-25T15:07:31.247Z] [worker-us-central1-api-3c222f5c-1fab-4fb0-af0a-66f2fa73918b]: Assigning socketPath: /var/folders/2p/pnqf7vn97r5brpbtdty4ll_r0000gn/T/fire_emu_3598.sock {"metadata":{"emulator":{"name":"functions"},"message":"[worker-us-central1-api-3c222f5c-1fab-4fb0-af0a-66f2fa73918b]: Assigning socketPath: /var/folders/2p/pnqf7vn97r5brpbtdty4ll_r0000gn/T/fire_emu_3598.sock"}}
[debug] [2023-01-25T15:07:31.247Z] [worker-us-central1-api-3c222f5c-1fab-4fb0-af0a-66f2fa73918b]: BUSY {"metadata":{"emulator":{"name":"functions"},"message":"[worker-us-central1-api-3c222f5c-1fab-4fb0-af0a-66f2fa73918b]: BUSY"}}
[debug] [2023-01-25T15:07:31.331Z] [runtime-status] [3598] Functions runtime initialized. {"cwd":"/Users/daras/root/melonify/functions","node_version":"18.12.1"} {"metadata":{"emulator":{"name":"functions"},"function":{"name":"us-central1-api"},"message":"[runtime-status] [3598] Functions runtime initialized. {\"cwd\":\"/Users/daras/root/melonify/functions\",\"node_version\":\"18.12.1\"}"}}
[debug] [2023-01-25T15:07:31.331Z] [runtime-status] [3598] Disabled runtime features: undefined {"metadata":{"emulator":{"name":"functions"},"function":{"name":"us-central1-api"},"message":"[runtime-status] [3598] Disabled runtime features: undefined"}}
[debug] [2023-01-25T15:07:31.332Z] [runtime-status] [3598] Resolved module firebase-admin {"declared":true,"installed":true,"version":"9.12.0","resolution":"/Users/daras/root/melonify/functions/node_modules/firebase-admin/lib/index.js"} {"metadata":{"emulator":{"name":"functions"},"function":{"name":"us-central1-api"},"message":"[runtime-status] [3598] Resolved module firebase-admin {\"declared\":true,\"installed\":true,\"version\":\"9.12.0\",\"resolution\":\"/Users/daras/root/melonify/functions/node_modules/firebase-admin/lib/index.js\"}"}}
[debug] [2023-01-25T15:07:31.334Z] [runtime-status] [3598] Resolved module firebase-functions {"declared":true,"installed":true,"version":"3.24.1","resolution":"/Users/daras/root/melonify/functions/node_modules/firebase-functions/lib/index.js"} {"metadata":{"emulator":{"name":"functions"},"function":{"name":"us-central1-api"},"message":"[runtime-status] [3598] Resolved module firebase-functions {\"declared\":true,\"installed\":true,\"version\":\"3.24.1\",\"resolution\":\"/Users/daras/root/melonify/functions/node_modules/firebase-functions/lib/index.js\"}"}}
[debug] [2023-01-25T15:07:31.335Z] [runtime-status] [3598] Outgoing network have been stubbed. [{"name":"http","status":"mocked"},{"name":"http","status":"mocked"},{"name":"https","status":"mocked"},{"name":"https","status":"mocked"},{"name":"net","status":"mocked"}] {"metadata":{"emulator":{"name":"functions"},"function":{"name":"us-central1-api"},"message":"[runtime-status] [3598] Outgoing network have been stubbed. [{\"name\":\"http\",\"status\":\"mocked\"},{\"name\":\"http\",\"status\":\"mocked\"},{\"name\":\"https\",\"status\":\"mocked\"},{\"name\":\"https\",\"status\":\"mocked\"},{\"name\":\"net\",\"status\":\"mocked\"}]"}}
[debug] [2023-01-25T15:07:31.336Z] [runtime-status] [3598] Resolved module firebase-functions {"declared":true,"installed":true,"version":"3.24.1","resolution":"/Users/daras/root/melonify/functions/node_modules/firebase-functions/lib/index.js"} {"metadata":{"emulator":{"name":"functions"},"function":{"name":"us-central1-api"},"message":"[runtime-status] [3598] Resolved module firebase-functions {\"declared\":true,\"installed\":true,\"version\":\"3.24.1\",\"resolution\":\"/Users/daras/root/melonify/functions/node_modules/firebase-functions/lib/index.js\"}"}}
[debug] [2023-01-25T15:07:31.356Z] [runtime-status] [3598] Checked functions.config() {"config":{}} {"metadata":{"emulator":{"name":"functions"},"function":{"name":"us-central1-api"},"message":"[runtime-status] [3598] Checked functions.config() {\"config\":{}}"}}
[debug] [2023-01-25T15:07:31.357Z] [runtime-status] [3598] firebase-functions has been stubbed. {"functionsResolution":{"declared":true,"installed":true,"version":"3.24.1","resolution":"/Users/daras/root/melonify/functions/node_modules/firebase-functions/lib/index.js"}} {"metadata":{"emulator":{"name":"functions"},"function":{"name":"us-central1-api"},"message":"[runtime-status] [3598] firebase-functions has been stubbed. {\"functionsResolution\":{\"declared\":true,\"installed\":true,\"version\":\"3.24.1\",\"resolution\":\"/Users/daras/root/melonify/functions/node_modules/firebase-functions/lib/index.js\"}}"}}
[debug] [2023-01-25T15:07:31.357Z] [runtime-status] [3598] Resolved module firebase-functions {"declared":true,"installed":true,"version":"3.24.1","resolution":"/Users/daras/root/melonify/functions/node_modules/firebase-functions/lib/index.js"} {"metadata":{"emulator":{"name":"functions"},"function":{"name":"us-central1-api"},"message":"[runtime-status] [3598] Resolved module firebase-functions {\"declared\":true,\"installed\":true,\"version\":\"3.24.1\",\"resolution\":\"/Users/daras/root/melonify/functions/node_modules/firebase-functions/lib/index.js\"}"}}
[debug] [2023-01-25T15:07:31.357Z] [runtime-status] [3598] Resolved module firebase-admin {"declared":true,"installed":true,"version":"9.12.0","resolution":"/Users/daras/root/melonify/functions/node_modules/firebase-admin/lib/index.js"} {"metadata":{"emulator":{"name":"functions"},"function":{"name":"us-central1-api"},"message":"[runtime-status] [3598] Resolved module firebase-admin {\"declared\":true,\"installed\":true,\"version\":\"9.12.0\",\"resolution\":\"/Users/daras/root/melonify/functions/node_modules/firebase-admin/lib/index.js\"}"}}
[debug] [2023-01-25T15:07:31.357Z] [runtime-status] [3598] Resolved module firebase-functions {"declared":true,"installed":true,"version":"3.24.1","resolution":"/Users/daras/root/melonify/functions/node_modules/firebase-functions/lib/index.js"} {"metadata":{"emulator":{"name":"functions"},"function":{"name":"us-central1-api"},"message":"[runtime-status] [3598] Resolved module firebase-functions {\"declared\":true,\"installed\":true,\"version\":\"3.24.1\",\"resolution\":\"/Users/daras/root/melonify/functions/node_modules/firebase-functions/lib/index.js\"}"}}
[debug] [2023-01-25T15:07:31.357Z] [runtime-status] [3598] firebase-admin has been stubbed. {"adminResolution":{"declared":true,"installed":true,"version":"9.12.0","resolution":"/Users/daras/root/melonify/functions/node_modules/firebase-admin/lib/index.js"}} {"metadata":{"emulator":{"name":"functions"},"function":{"name":"us-central1-api"},"message":"[runtime-status] [3598] firebase-admin has been stubbed. {\"adminResolution\":{\"declared\":true,\"installed\":true,\"version\":\"9.12.0\",\"resolution\":\"/Users/daras/root/melonify/functions/node_modules/firebase-admin/lib/index.js\"}}"}}
[debug] [2023-01-25T15:07:31.407Z] [runtime-status] [3598] Trigger "us-central1-api" has been found, beginning invocation! {"metadata":{"emulator":{"name":"functions"},"function":{"name":"us-central1-api"},"message":"[runtime-status] [3598] Trigger \"us-central1-api\" has been found, beginning invocation!"}}
[info] i  functions: Beginning execution of "us-central1-api" {"metadata":{"emulator":{"name":"functions"},"function":{"name":"us-central1-api"},"message":"Beginning execution of \"us-central1-api\""}}
[debug] [2023-01-25T15:07:31.408Z] [runtime-status] [3598] triggerDefinition {"httpsTrigger":{},"name":"api","entryPoint":"api","regions":["us-central1"],"region":"us-central1","id":"us-central1-api","platform":"gcfv1"} {"metadata":{"emulator":{"name":"functions"},"function":{"name":"us-central1-api"},"message":"[runtime-status] [3598] triggerDefinition {\"httpsTrigger\":{},\"name\":\"api\",\"entryPoint\":\"api\",\"regions\":[\"us-central1\"],\"region\":\"us-central1\",\"id\":\"us-central1-api\",\"platform\":\"gcfv1\"}"}}
[debug] [2023-01-25T15:07:31.408Z] [runtime-status] [3598] Running us-central1-api in signature http {"metadata":{"emulator":{"name":"functions"},"function":{"name":"us-central1-api"},"message":"[runtime-status] [3598] Running us-central1-api in signature http"}}
[debug] [2023-01-25T15:07:31.409Z] [runtime-status] [3598] Attempting to listen to socketPath: /var/folders/2p/pnqf7vn97r5brpbtdty4ll_r0000gn/T/fire_emu_3598.sock {"metadata":{"emulator":{"name":"functions"},"function":{"name":"us-central1-api"},"message":"[runtime-status] [3598] Attempting to listen to socketPath: /var/folders/2p/pnqf7vn97r5brpbtdty4ll_r0000gn/T/fire_emu_3598.sock"}}
[debug] [2023-01-25T15:07:31.412Z] [functions] Runtime ready! Sending request! {"metadata":{"emulator":{"name":"functions"},"message":"[functions] Runtime ready! Sending request!"}}
[debug] [2023-01-25T15:07:31.412Z] [functions] Got req.url=/melon-ui-7f38c/us-central1/api, mapping to path=/ {"metadata":{"emulator":{"name":"functions"},"message":"[functions] Got req.url=/melon-ui-7f38c/us-central1/api, mapping to path=/"}}
[debug] [2023-01-25T15:07:31.415Z] [runtime-status] [3598] Ephemeral server handling GET request {"metadata":{"emulator":{"name":"functions"},"function":{"name":"us-central1-api"},"message":"[runtime-status] [3598] Ephemeral server handling GET request"}}
[info] >  {"severity":"INFO","message":"Check if request is authorized with Firebase ID token"} {"user":{"severity":"INFO","message":"Check if request is authorized with Firebase ID token"},"metadata":{"emulator":{"name":"functions"},"function":{"name":"us-central1-api"},"message":"\u001b[90m> \u001b[39m {\"severity\":\"INFO\",\"message\":\"Check if request is authorized with Firebase ID token\"}"}}
[info] >  {"severity":"ERROR","message":"No Firebase ID token was passed as a Bearer token in the Authorization header. Make sure you authorize your request by providing the following HTTP header: Authorization: Bearer <Firebase ID Token> or by passing a \"__session\" cookie."} {"user":{"severity":"ERROR","message":"No Firebase ID token was passed as a Bearer token in the Authorization header. Make sure you authorize your request by providing the following HTTP header: Authorization: Bearer <Firebase ID Token> or by passing a \"__session\" cookie."},"metadata":{"emulator":{"name":"functions"},"function":{"name":"us-central1-api"},"message":"\u001b[90m> \u001b[39m {\"severity\":\"ERROR\",\"message\":\"No Firebase ID token was passed as a Bearer token in the Authorization header. Make sure you authorize your request by providing the following HTTP header: Authorization: Bearer <Firebase ID Token> or by passing a \\\"__session\\\" cookie.\"}"}}
[debug] [2023-01-25T15:07:31.421Z] [runtime-status] [3598] Ephemeral server survived. {"metadata":{"emulator":{"name":"functions"},"function":{"name":"us-central1-api"},"message":"[runtime-status] [3598] Ephemeral server survived."}}
[info] i  functions: Finished "us-central1-api" in ~1s {"metadata":{"emulator":{"name":"functions"},"function":{"name":"us-central1-api"},"message":"Finished \"us-central1-api\" in ~1s"}}
[debug] [2023-01-25T15:07:31.422Z] [worker-us-central1-api-3c222f5c-1fab-4fb0-af0a-66f2fa73918b]: IDLE {"metadata":{"emulator":{"name":"functions"},"message":"[worker-us-central1-api-3c222f5c-1fab-4fb0-af0a-66f2fa73918b]: IDLE"}}
[debug] [2023-01-25T15:07:31.422Z] [work-queue] {"queueLength":0,"workRunningCount":0}
[debug] [2023-01-25T15:07:31.678Z] Functions emulator received unknown request at path /favicon.ico
[debug] [2023-01-25T15:07:36.662Z] [work-queue] {"queueLength":1,"workRunningCount":0}
[debug] [2023-01-25T15:07:36.662Z] [work-queue] {"queueLength":0,"workRunningCount":1}
[debug] [2023-01-25T15:07:36.662Z] Accepted request GET /melon-ui-7f38c/us-central1/api/hello --> us-central1-api
[debug] [2023-01-25T15:07:36.663Z] [worker-pool] submitWork(triggerId=us-central1-api) {"metadata":{"emulator":{"name":"functions"},"message":"[worker-pool] submitWork(triggerId=us-central1-api)"}}
[debug] [2023-01-25T15:07:36.663Z] [worker-us-central1-api-3c222f5c-1fab-4fb0-af0a-66f2fa73918b]: Assigning socketPath: /var/folders/2p/pnqf7vn97r5brpbtdty4ll_r0000gn/T/fire_emu_3598.sock {"metadata":{"emulator":{"name":"functions"},"message":"[worker-us-central1-api-3c222f5c-1fab-4fb0-af0a-66f2fa73918b]: Assigning socketPath: /var/folders/2p/pnqf7vn97r5brpbtdty4ll_r0000gn/T/fire_emu_3598.sock"}}
[debug] [2023-01-25T15:07:36.663Z] [worker-us-central1-api-3c222f5c-1fab-4fb0-af0a-66f2fa73918b]: BUSY {"metadata":{"emulator":{"name":"functions"},"message":"[worker-us-central1-api-3c222f5c-1fab-4fb0-af0a-66f2fa73918b]: BUSY"}}
[debug] [2023-01-25T15:07:36.664Z] [runtime-status] [3598] Trigger "us-central1-api" has been found, beginning invocation! {"metadata":{"emulator":{"name":"functions"},"function":{"name":"us-central1-api"},"message":"[runtime-status] [3598] Trigger \"us-central1-api\" has been found, beginning invocation!"}}
[info] i  functions: Beginning execution of "us-central1-api" {"metadata":{"emulator":{"name":"functions"},"function":{"name":"us-central1-api"},"message":"Beginning execution of \"us-central1-api\""}}
[debug] [2023-01-25T15:07:36.665Z] [runtime-status] [3598] triggerDefinition {"httpsTrigger":{},"name":"api","entryPoint":"api","regions":["us-central1"],"region":"us-central1","id":"us-central1-api","platform":"gcfv1"} {"metadata":{"emulator":{"name":"functions"},"function":{"name":"us-central1-api"},"message":"[runtime-status] [3598] triggerDefinition {\"httpsTrigger\":{},\"name\":\"api\",\"entryPoint\":\"api\",\"regions\":[\"us-central1\"],\"region\":\"us-central1\",\"id\":\"us-central1-api\",\"platform\":\"gcfv1\"}"}}
[debug] [2023-01-25T15:07:36.665Z] [runtime-status] [3598] Running us-central1-api in signature http {"metadata":{"emulator":{"name":"functions"},"function":{"name":"us-central1-api"},"message":"[runtime-status] [3598] Running us-central1-api in signature http"}}
[debug] [2023-01-25T15:07:36.665Z] [runtime-status] [3598] Attempting to listen to socketPath: /var/folders/2p/pnqf7vn97r5brpbtdty4ll_r0000gn/T/fire_emu_3598.sock {"metadata":{"emulator":{"name":"functions"},"function":{"name":"us-central1-api"},"message":"[runtime-status] [3598] Attempting to listen to socketPath: /var/folders/2p/pnqf7vn97r5brpbtdty4ll_r0000gn/T/fire_emu_3598.sock"}}
[debug] [2023-01-25T15:07:36.669Z] [functions] Runtime ready! Sending request! {"metadata":{"emulator":{"name":"functions"},"message":"[functions] Runtime ready! Sending request!"}}
[debug] [2023-01-25T15:07:36.670Z] [functions] Got req.url=/melon-ui-7f38c/us-central1/api/hello, mapping to path=/hello {"metadata":{"emulator":{"name":"functions"},"message":"[functions] Got req.url=/melon-ui-7f38c/us-central1/api/hello, mapping to path=/hello"}}
[debug] [2023-01-25T15:07:36.674Z] [runtime-status] [3598] Ephemeral server handling GET request {"metadata":{"emulator":{"name":"functions"},"function":{"name":"us-central1-api"},"message":"[runtime-status] [3598] Ephemeral server handling GET request"}}
[info] >  {"severity":"INFO","message":"Check if request is authorized with Firebase ID token"} {"user":{"severity":"INFO","message":"Check if request is authorized with Firebase ID token"},"metadata":{"emulator":{"name":"functions"},"function":{"name":"us-central1-api"},"message":"\u001b[90m> \u001b[39m {\"severity\":\"INFO\",\"message\":\"Check if request is authorized with Firebase ID token\"}"}}
[info] >  {"severity":"ERROR","message":"No Firebase ID token was passed as a Bearer token in the Authorization header. Make sure you authorize your request by providing the following HTTP header: Authorization: Bearer <Firebase ID Token> or by passing a \"__session\" cookie."} {"user":{"severity":"ERROR","message":"No Firebase ID token was passed as a Bearer token in the Authorization header. Make sure you authorize your request by providing the following HTTP header: Authorization: Bearer <Firebase ID Token> or by passing a \"__session\" cookie."},"metadata":{"emulator":{"name":"functions"},"function":{"name":"us-central1-api"},"message":"\u001b[90m> \u001b[39m {\"severity\":\"ERROR\",\"message\":\"No Firebase ID token was passed as a Bearer token in the Authorization header. Make sure you authorize your request by providing the following HTTP header: Authorization: Bearer <Firebase ID Token> or by passing a \\\"__session\\\" cookie.\"}"}}
[debug] [2023-01-25T15:07:36.677Z] [runtime-status] [3598] Ephemeral server survived. {"metadata":{"emulator":{"name":"functions"},"function":{"name":"us-central1-api"},"message":"[runtime-status] [3598] Ephemeral server survived."}}
[info] i  functions: Finished "us-central1-api" in ~1s {"metadata":{"emulator":{"name":"functions"},"function":{"name":"us-central1-api"},"message":"Finished \"us-central1-api\" in ~1s"}}
[debug] [2023-01-25T15:07:36.679Z] [worker-us-central1-api-3c222f5c-1fab-4fb0-af0a-66f2fa73918b]: IDLE {"metadata":{"emulator":{"name":"functions"},"message":"[worker-us-central1-api-3c222f5c-1fab-4fb0-af0a-66f2fa73918b]: IDLE"}}
[debug] [2023-01-25T15:07:36.680Z] [work-queue] {"queueLength":0,"workRunningCount":0}
